<?xml version="1.0" encoding="UTF-8"?>
<!-- Generated by org.testng.reporters.JUnitXMLReporter -->
<testsuite ignored="0" hostname="DESKTOP-81O6EE0" failures="0" tests="5" name="SanityTest" time="20.703" errors="0" timestamp="04 Sep 2020 01:11:47 GMT">
  <testcase classname="com.TestNGScripts.WikiTestScripts" name="createAccount" time="13.337"/>
  <testcase classname="com.TestNGScripts.AnnotationsTestNG" name="createCust" time="0.002"/>
  <testcase classname="com.TestNGScripts.WikiTestScripts" name="MainPage" time="0.787"/>
  <testcase classname="com.TestNGScripts.AnnotationsTestNG" name="searchCust" time="0.001"/>
  <testcase classname="com.TestNGScripts.AnnotationsTestNG" name="deleteCust" time="0.0"/>
</testsuite> <!-- SanityTest -->
