<?xml version="1.0" encoding="UTF-8"?>
<!-- Generated by org.testng.reporters.JUnitXMLReporter -->
<testsuite ignored="0" hostname="DESKTOP-81O6EE0" failures="0" tests="3" name="Selenium scripts3" time="0.008" errors="0" timestamp="06 Sep 2020 21:08:03 GMT">
  <testcase classname="com.TestNGScripts.AnnotationsTestNG" name="createCust" time="0.002"/>
  <testcase classname="com.TestNGScripts.AnnotationsTestNG" name="searchCust" time="0.002"/>
  <testcase classname="com.TestNGScripts.AnnotationsTestNG" name="deleteCust" time="0.0"/>
</testsuite> <!-- Selenium scripts3 -->
