<?xml version="1.0" encoding="UTF-8"?>
<testng-results ignored="0" total="1" passed="1" failed="0" skipped="0">
  <reporter-output>
  </reporter-output>
  <suite started-at="2020-09-06T18:13:35 EDT" name="Default suite" finished-at="2020-09-06T18:13:50 EDT" duration-ms="15394">
    <groups>
    </groups>
    <test started-at="2020-09-06T18:13:35 EDT" name="Default test" finished-at="2020-09-06T18:13:50 EDT" duration-ms="15394">
      <class name="com.TestNGScripts.KeyEvents">
        <test-method signature="Keyevenetsmethod()[pri:0, instance:com.TestNGScripts.KeyEvents@14d3bc22]" started-at="2020-09-06T18:13:35 EDT" name="Keyevenetsmethod" finished-at="2020-09-06T18:13:50 EDT" duration-ms="15366" status="PASS">
          <reporter-output>
          </reporter-output>
        </test-method> <!-- Keyevenetsmethod -->
      </class> <!-- com.TestNGScripts.KeyEvents -->
    </test> <!-- Default test -->
  </suite> <!-- Default suite -->
</testng-results>
